<?xml version="1.0" encoding="UTF-8"?>
<!-- Generated by org.testng.reporters.JUnitReportReporter -->
<testsuite hostname="Shivangi" failures="0" tests="1" name="login_Test.Verify_homepage_Test" time="8.811" errors="0" timestamp="2022-12-09T10:55:02 IST" skipped="0">
  <testcase classname="login_Test.Verify_homepage_Test" name="Verify_homepage_Test" time="8.811"/>
  <system-out/>
</testsuite> <!-- login_Test.Verify_homepage_Test -->
